<?xml version="1.0" encoding="utf-8"?><testsuites name="pytest tests"><testsuite name="pytest" errors="0" failures="0" skipped="4" tests="436" time="36.022" timestamp="2026-09-01T00:45:54.612069-04:00" hostname="YANY"><testcase classname="" name="tests.test_osteochondral_learned" time="0.000"><skipped message="collection skipped">('C:\\Users\\yanyl\\OneDrive\\NOSTOS\\tests\\test_osteochondral_learned.py', 3, "Skipped: could not import 'torch': No module named 'torch'")</skipped></testcase><testcase classname="" name="tests.test_osteochondral_reference_audit" time="0.000"><skipped message="collection skipped">('C:\\Users\\yanyl\\OneDrive\\NOSTOS\\tests\\test_osteochondral_reference_audit.py', 9, "Skipped: could not import 'torch': No module named 'torch'")</skipped></testcase><testcase classname="" name="tests.test_segmentation_dataset" time="0.000"><skipped message="collection skipped">('C:\\Users\\yanyl\\OneDrive\\NOSTOS\\tests\\test_segmentation_dataset.py', 7, "Skipped: could not import 'torch': No module named 'torch'")</skipped></testcase><testcase classname="" name="tests.test_segmentation_model" time="0.000"><skipped message="collection skipped">('C:\\Users\\yanyl\\OneDrive\\NOSTOS\\tests\\test_segmentation_model.py', 3, "Skipped: could not import 'torch': No module named 'torch'")</skipped></testcase><testcase classname="tests.test_ablation_reporting" name="test_ablation_report_writes_table_and_vector_figure" time="0.134" /><testcase classname="tests.test_ablations" name="test_contract_and_ablation_matrix_are_prespecified_by_prefix" time="0.455" /><testcase classname="tests.test_adjacent_replication" name="test_agreement_is_one_for_identical_values" time="0.001" /><testcase classname="tests.test_adjacent_replication" name="test_concordance_penalizes_constant_offset" time="0.000" /><testcase classname="tests.test_agreement" name="test_cross_stain_agreement_resamples_participants" time="0.924" /><testcase classname="tests.test_agreement" name="test_medial_lateral_is_paired" time="0.004" /><testcase classname="tests.test_agreement" name="test_bh_adjustment_is_monotone_in_rank" time="0.000" /><testcase classname="tests.test_analysis_table" name="test_sections_are_collapsed_to_one_wide_row_per_participant" time="0.010" /><testcase classname="tests.test_annotation_manifest" name="test_annotation_manifest_detects_participant_leakage" time="0.003" /><testcase classname="tests.test_annotation_manifest" name="test_annotation_manifest_accepts_valid_record" time="0.002" /><testcase classname="tests.test_annotation_manifest" name="test_review_audit_checksum_is_required_for_training" time="0.002" /><testcase classname="tests.test_app_generic" name="test_browser_analyzer_generic_mode_uses_complete_field" time="0.305" /><testcase classname="tests.test_app_http" name="test_http_workstation_exposes_fail_closed_label_free_path" time="0.534" /><testcase classname="tests.test_app_label_free" name="test_browser_pshg_path_maps_new_unstained_acquisition_but_does_not_promote_it" time="0.019" /><testcase classname="tests.test_app_label_free" name="test_browser_pshg_path_rejects_incomplete_bundle" time="0.007" /><testcase classname="tests.test_archive" name="test_zip_is_validated_and_extracted_transactionally" time="0.011" /><testcase classname="tests.test_archive" name="test_archive_path_traversal_is_rejected" time="0.002" /><testcase classname="tests.test_audit_tiff" name="test_tiff_header_reads_geometry_and_physical_resolution" time="0.003" /><testcase classname="tests.test_audit_tiff" name="test_participant_id_matches_repository_folder_names" time="0.001" /><testcase classname="tests.test_audit_tiff" name="test_repository_scale_overrides_nominal_dpi_tag" time="0.005" /><testcase classname="tests.test_baselines_and_tiles" name="test_structure_tensor_recovers_orientation" time="0.002" /><testcase classname="tests.test_baselines_and_tiles" name="test_cooccurrence_features_are_finite" time="0.002" /><testcase classname="tests.test_baselines_and_tiles" name="test_tiling_uses_shared_tissue_gate" time="0.000" /><testcase classname="tests.test_biological_retrieval" name="test_retrieval_is_domain_restricted_and_exact" time="0.000" /><testcase classname="tests.test_biological_retrieval" name="test_standardize_has_fixed_shape_and_finite_values" time="0.001" /><testcase classname="tests.test_biosr_lock_lineage" name="test_audited_profile_lineage_preserves_historical_pilot_lock" time="0.007" /><testcase classname="tests.test_biosr_profile_v2" name="test_biosr_v2_profile_verifies_all_basis_artifacts" time="0.005" /><testcase classname="tests.test_biosr_score_design_audit" name="test_orientation_observability_is_input_only_and_scale_matched" time="0.001" /><testcase classname="tests.test_biosr_score_design_audit" name="test_candidate_lock_verifies" time="0.001" /><testcase classname="tests.test_biosr_score_design_audit" name="test_non_design_partition_is_refused_before_analysis" time="0.003" /><testcase classname="tests.test_biosr_score_design_audit" name="test_smoke_receipt_requires_explicit_developmental_pilot_permission" time="0.003" /><testcase classname="tests.test_biosr_score_design_audit" name="test_developmental_pilot_manifest_verifies_exact_inputs" time="0.009" /><testcase classname="tests.test_biosr_score_design_audit" name="test_clustered_bootstrap_preserves_paired_candidate_comparison" time="0.001" /><testcase classname="tests.test_biosr_small_pilot_v5_audit" name="test_summary_reports_silent_invalids_at_unit_boundary" time="0.000" /><testcase classname="tests.test_biosr_small_pilot_v5_audit" name="test_endpoint_profile_status_is_explicit" time="0.001" /><testcase classname="tests.test_biosr_small_pilot_v5_audit" name="test_clustered_bootstrap_is_deterministic_and_field_clustered" time="0.005" /><testcase classname="tests.test_biosr_small_pilot_v5_audit" name="test_coverage_landmarks_respect_tied_score_blocks" time="0.000" /><testcase classname="tests.test_biosr_tensor_confirmation_v7" name="test_hash_selection_is_order_independent" time="0.000" /><testcase classname="tests.test_biosr_tensor_confirmation_v7" name="test_central_layout_does_not_open_member_bytes" time="0.003" /><testcase classname="tests.test_biosr_tensor_confirmation_v7" name="test_nonlinear_index_uses_primary_a_and_25_frames" time="0.003" /><testcase classname="tests.test_biosr_tensor_v7_1_amendment" name="test_v7_1_changes_only_declared_nonlinear_metadata_and_scope" time="0.001" /><testcase classname="tests.test_biosr_tensor_v7_1_amendment" name="test_header_failure_receipt_certifies_zero_nonlinear_pixel_decode" time="0.001" /><testcase classname="tests.test_biosr_v6_confirmation_failure_receipt" name="test_linear_archive_indexing_reads_names_and_finds_uniform_twelve_levels" time="0.003" /><testcase classname="tests.test_biosr_v6_confirmation_failure_receipt" name="test_failure_payload_preserves_v6_and_f_actin_boundaries" time="4.366" /><testcase classname="tests.test_biosr_v6_freeze_contract" name="test_confirmation_field_selection_is_order_invariant_and_hash_only" time="0.000" /><testcase classname="tests.test_biosr_v6_freeze_contract" name="test_v6_profile_and_config_exclude_failed_axis_variograms" time="0.004" /><testcase classname="tests.test_biosr_v6_freeze_contract" name="test_v6_thresholds_match_the_development_audit_exactly" time="0.001" /><testcase classname="tests.test_bone_contract_orientation" name="test_full_contract_abstains_on_unstable_orientation" time="0.000" /><testcase classname="tests.test_bone_contract_orientation" name="test_endpoint_qc_does_not_see_perturbation_instability" time="0.001" /><testcase classname="tests.test_bone_network_3d" name="test_network_metrics_are_physical_and_finite" time="0.002" /><testcase classname="tests.test_bone_network_3d" name="test_perturbation_is_deterministic_and_only_deletes_canaliculi" time="0.000" /><testcase classname="tests.test_bone_orientation_v2" name="test_majority_label_semantics" time="0.000" /><testcase classname="tests.test_bone_orientation_v2" name="test_withheld_truth_is_not_part_of_contract_score" time="0.019" /><testcase classname="tests.test_bone_program_summary" name="test_condition_by_perturbation_reports_selective_risk" time="0.000" /><testcase classname="tests.test_bone_program_summary" name="test_missing_receipt_fails_closed" time="0.005" /><testcase classname="tests.test_canonical_confirmation_v3" name="test_v3_intensity_transforms_remain_finite" time="0.001" /><testcase classname="tests.test_canonical_development" name="test_development_vectors_are_finite_and_distinct" time="0.026" /><testcase classname="tests.test_canonical_geometry" name="test_rotation_quotient_reduces_distance_without_mutating_raw_direction" time="0.036" /><testcase classname="tests.test_canonical_geometry" name="test_canonical_vector_is_finite_and_deterministic" time="0.018" /><testcase classname="tests.test_cartilage_ablation_analysis" name="test_paired_delta_bootstrap_uses_common_rows_and_is_reproducible" time="0.236" /><testcase classname="tests.test_cartilage_ablations" name="test_ablation_masks_remove_surface_and_void_neighborhoods" time="0.001" /><testcase classname="tests.test_cartilage_ablations" name="test_geometry_and_optical_density_are_physical_and_finite" time="0.001" /><testcase classname="tests.test_cli" name="test_cli_exposes_release_commands" time="0.009" /><testcase classname="tests.test_cli" name="test_analyze_defaults_are_cpu_first" time="0.004" /><testcase classname="tests.test_cli" name="test_server_binds_to_loopback_by_default" time="0.005" /><testcase classname="tests.test_cli" name="test_intraop_pshg_defaults_to_cpu_profile_contract" time="0.005" /><testcase classname="tests.test_cli" name="test_cli_exposes_separate_profile_compilation_and_confirmation_audit" time="0.005" /><testcase classname="tests.test_cli" name="test_cli_exposes_hierarchical_conditional_support_workflow" time="0.004" /><testcase classname="tests.test_cohort_reporting" name="test_cohort_report_tracks_missingness_and_writes_figures" time="0.293" /><testcase classname="tests.test_comparator_conformance" name="test_comparator_audit_writes_machine_readable_claim_gate" time="0.063" /><testcase classname="tests.test_comparators" name="test_conventional_comparator_is_finite" time="0.002" /><testcase classname="tests.test_comparators" name="test_comparator_benchmark_has_frozen_separate_test_perturbations" time="3.157" /><testcase classname="tests.test_comparators" name="test_benchmark_receipt_includes_prespecified_contrasts_and_ablations" time="3.298" /><testcase classname="tests.test_comparators" name="test_external_comparator_dataset_is_fixed_shape_and_split" time="0.164" /><testcase classname="tests.test_computational_release_audit" name="test_computational_audit_fails_closed" time="0.000" /><testcase classname="tests.test_computational_release_audit" name="test_registered_file_match_verifies_size_and_sha256" time="0.004" /><testcase classname="tests.test_computational_release_audit" name="test_registered_file_match_rejects_path_traversal" time="0.002" /><testcase classname="tests.test_computational_release_audit" name="test_manuscript_scope_scan_requires_computational_boundary" time="0.000" /><testcase classname="tests.test_conditional_support_profile" name="test_conditional_support_blocks_a_pooled_unsafe_cell" time="0.008" /><testcase classname="tests.test_conditional_support_profile" name="test_unseen_conditional_cell_hard_abstains_and_tampering_fails" time="0.009" /><testcase classname="tests.test_confirmation_v6" name="test_confirmation_uses_frozen_family_thresholds_without_refit" time="0.008" /><testcase classname="tests.test_consensus_reliability" name="test_group_partition_is_deterministic_and_binary" time="0.001" /><testcase classname="tests.test_controlled_degradation_v8" name="test_condition_seed_is_stable_and_identifier_specific" time="0.000" /><testcase classname="tests.test_controlled_degradation_v8" name="test_degradations_preserve_shape_and_are_deterministic" time="0.002" /><testcase classname="tests.test_controlled_degradation_v8" name="test_pilot_evaluator_detects_selective_risk_reduction" time="0.012" /><testcase classname="tests.test_cpu_pilot_statistics" name="test_benjamini_hochberg_is_monotone_in_rank_and_bounded" time="0.000" /><testcase classname="tests.test_cpu_pilot_statistics" name="test_partial_rank_removes_linear_covariate_signal" time="0.002" /><testcase classname="tests.test_cross_domain_risk_transfer" name="test_pshg_geometry_has_frozen_channel_order_and_transform" time="0.001" /><testcase classname="tests.test_cross_domain_risk_transfer" name="test_fmd_geometry_uses_frozen_maxima_and_clip" time="0.000" /><testcase classname="tests.test_cross_domain_risk_transfer" name="test_geometry_is_label_blind" time="0.000" /><testcase classname="tests.test_cross_domain_risk_transfer" name="test_balanced_weights_equalize_domain_and_class_mass" time="0.001" /><testcase classname="tests.test_curvealign_outputs" name="test_curvealign_stats_and_detected_fraction" time="0.003" /><testcase classname="tests.test_curvealign_outputs" name="test_ctfire_parser_ignores_header_and_rejects_empty" time="0.002" /><testcase classname="tests.test_curvealign_outputs" name="test_field_output_conversion_to_physical_units" time="0.005" /><testcase classname="tests.test_depth_atlas" name="test_axial_difference_wraps_at_180" time="0.000" /><testcase classname="tests.test_depth_atlas" name="test_depth_atlas_detects_zonal_orientation_change" time="0.107" /><testcase classname="tests.test_depth_atlas" name="test_depth_atlas_configuration_requires_complete_depth_range" time="0.000" /><testcase classname="tests.test_depth_coordinate" name="test_depth_coordinate_runs_surface_to_deep_in_physical_space" time="0.001" /><testcase classname="tests.test_depth_coordinate" name="test_depth_band_summary_uses_prespecified_edges" time="0.000" /><testcase classname="tests.test_develop_heaton_shg_adapter" name="test_adapter_selection_uses_two_fields_per_mouse_deterministically" time="0.000" /><testcase classname="tests.test_develop_heaton_shg_adapter" name="test_fisher_mean_is_monotone_with_agreement" time="0.000" /><testcase classname="tests.test_dynamic" name="test_phase_translation_has_calibrated_displacement" time="0.001" /><testcase classname="tests.test_dynamic" name="test_constant_series_abstains" time="0.000" /><testcase classname="tests.test_dynamic" name="test_dense_deformation_is_calibrated_and_reports_reliability" time="0.195" /><testcase classname="tests.test_dynamic" name="test_dense_deformation_constant_pair_abstains" time="0.000" /><testcase classname="tests.test_evidence_bundle" name="test_evidence_bundle_reports_missing_without_false_readiness" time="0.005" /><testcase classname="tests.test_evidence_bundle" name="test_evidence_bundle_accepts_string_validity" time="0.003" /><testcase classname="tests.test_external_bone" name="test_external_bone_receipt_uses_matched_reference" time="0.015" /><testcase classname="tests.test_external_cartilage" name="test_bh_adjust_is_monotone_in_rank" time="0.000" /><testcase classname="tests.test_external_cartilage" name="test_feature_families_separate_response_blocks" time="0.001" /><testcase classname="tests.test_external_filament" name="test_filament_pair_discovery_and_validation" time="0.332" /><testcase classname="tests.test_external_nuclei_bbbc020" name="test_local_support_excludes_other_annotated_nuclei_from_background" time="0.001" /><testcase classname="tests.test_external_nuclei_confirmatory" name="test_locked_dna_channel_rule" time="0.000" /><testcase classname="tests.test_external_nuclei_confirmatory" name="test_outline_is_filled" time="0.001" /><testcase classname="tests.test_external_nuclei_confirmatory" name="test_success_gates_are_joint_and_image_level" time="0.003" /><testcase classname="tests.test_failure_diagnostics" name="test_best_point_uses_risk_then_coverage_tie_break" time="0.000" /><testcase classname="tests.test_failure_diagnostics" name="test_hard_abstention_counts_against_coverage" time="0.000" /><testcase classname="tests.test_failure_diagnostics" name="test_diagnosis_flags_irreducible_endpoint_failure" time="0.000" /><testcase classname="tests.test_failure_diagnostics" name="test_threshold_conflict_reports_large_scale_separation" time="0.000" /><testcase classname="tests.test_family_risk_calibration" name="test_isotonic_map_is_monotone_and_finite_with_zero_failures" time="0.002" /><testcase classname="tests.test_family_risk_calibration" name="test_group_fold_assignment_never_splits_a_field" time="0.000" /><testcase classname="tests.test_family_risk_calibration" name="test_cross_fit_emits_one_prediction_per_eligible_case" time="0.004" /><testcase classname="tests.test_family_risk_calibration" name="test_operating_summary_keeps_hard_abstention_in_denominator" time="0.000" /><testcase classname="tests.test_family_risk_calibration" name="test_risk_coverage_auc_rewards_correct_ordering" time="0.000" /><testcase classname="tests.test_figure_provenance" name="test_figure1_is_traceable_and_non_generative" time="0.003" /><testcase classname="tests.test_final_audit" name="test_terminal_audit_fails_closed" time="0.000" /><testcase classname="tests.test_finite_sample_risk" name="test_zero_event_exact_interval_is_not_zero_width" time="0.001" /><testcase classname="tests.test_finite_sample_risk" name="test_four_clean_groups_still_have_wide_population_bound" time="0.001" /><testcase classname="tests.test_finite_sample_risk" name="test_invalid_counts_fail_closed" time="0.001" /><testcase classname="tests.test_finite_sample_risk" name="test_nested_audit_separates_rows_from_independent_groups" time="0.001" /><testcase classname="tests.test_fmd_full_archive_strict_profile" name="test_strict_profile_retains_only_error_free_average_of_16_cells" time="1.871" /><testcase classname="tests.test_fmd_full_archive_strict_profile" name="test_failed_average_of_8_coarse_cell_is_retained_as_unsupported" time="2.163" /><testcase classname="tests.test_fmd_program_final_audit" name="test_fmd_field_and_realization_selection_is_reproducible" time="0.001" /><testcase classname="tests.test_fmd_strict_external_transfer" name="test_locked_transfer_configuration_and_profile_identity" time="0.007" /><testcase classname="tests.test_fmd_strict_external_transfer" name="test_transfer_field_selection[Confocal_BPAE_R-expected0]" time="0.001" /><testcase classname="tests.test_fmd_strict_external_transfer" name="test_transfer_field_selection[WideField_BPAE_G-expected1]" time="0.000" /><testcase classname="tests.test_fmd_strict_external_transfer" name="test_transfer_realization_selection[Confocal_BPAE_R-7-expected0]" time="0.001" /><testcase classname="tests.test_fmd_strict_external_transfer" name="test_transfer_realization_selection[Confocal_BPAE_R-19-expected1]" time="0.000" /><testcase classname="tests.test_fmd_strict_external_transfer" name="test_transfer_realization_selection[Confocal_BPAE_R-17-expected2]" time="0.001" /><testcase classname="tests.test_fmd_strict_external_transfer" name="test_transfer_realization_selection[Confocal_BPAE_R-2-expected3]" time="0.000" /><testcase classname="tests.test_fmd_strict_external_transfer" name="test_transfer_realization_selection[Confocal_BPAE_R-3-expected4]" time="0.000" /><testcase classname="tests.test_fmd_strict_external_transfer" name="test_transfer_realization_selection[Confocal_BPAE_R-6-expected5]" time="0.000" /><testcase classname="tests.test_fmd_strict_external_transfer" name="test_transfer_realization_selection[Confocal_BPAE_R-16-expected6]" time="0.000" /><testcase classname="tests.test_fmd_strict_external_transfer" name="test_transfer_realization_selection[WideField_BPAE_G-1-expected7]" time="0.000" /><testcase classname="tests.test_fmd_strict_external_transfer" name="test_transfer_realization_selection[WideField_BPAE_G-11-expected8]" time="0.000" /><testcase classname="tests.test_fmd_strict_external_transfer" name="test_transfer_realization_selection[WideField_BPAE_G-5-expected9]" time="0.000" /><testcase classname="tests.test_fmd_strict_external_transfer" name="test_transfer_realization_selection[WideField_BPAE_G-16-expected10]" time="0.000" /><testcase classname="tests.test_fmd_strict_external_transfer" name="test_transfer_realization_selection[WideField_BPAE_G-3-expected11]" time="0.000" /><testcase classname="tests.test_fmd_strict_external_transfer" name="test_transfer_realization_selection[WideField_BPAE_G-15-expected12]" time="0.000" /><testcase classname="tests.test_fmd_strict_external_transfer" name="test_transfer_realization_selection[WideField_BPAE_G-19-expected13]" time="0.000" /><testcase classname="tests.test_fmd_strict_external_transfer_audit_v1_6_1" name="test_zero_coverage_is_a_defined_failed_reporting_state" time="0.000" /><testcase classname="tests.test_fmd_strict_external_transfer_audit_v1_6_1" name="test_nonzero_coverage_retains_exact_risk_reporting" time="0.000" /><testcase classname="tests.test_fmd_validity_profile" name="test_selected_fmd_path_is_numerically_identical_for_retained_endpoints" time="0.121" /><testcase classname="tests.test_fmd_validity_profile" name="test_fmd_conversion_removes_false_physical_unit_labels" time="0.001" /><testcase classname="tests.test_fmd_validity_profile" name="test_capture_stability_score_is_reference_label_blind" time="0.000" /><testcase classname="tests.test_fmd_widefield_extended_confirmation" name="test_frozen_extension_is_every_remaining_hash_ranked_field" time="0.001" /><testcase classname="tests.test_fmd_widefield_extended_confirmation" name="test_realization_hash_rule[3-expected0]" time="0.001" /><testcase classname="tests.test_fmd_widefield_extended_confirmation" name="test_realization_hash_rule[12-expected1]" time="0.000" /><testcase classname="tests.test_fmd_widefield_extended_confirmation" name="test_realization_hash_rule[6-expected2]" time="0.000" /><testcase classname="tests.test_fmd_widefield_extended_confirmation" name="test_realization_hash_rule[8-expected3]" time="0.000" /><testcase classname="tests.test_fmd_widefield_extended_confirmation" name="test_realization_hash_rule[4-expected4]" time="0.000" /><testcase classname="tests.test_fmd_widefield_extended_confirmation" name="test_realization_hash_rule[2-expected5]" time="0.000" /><testcase classname="tests.test_fmd_widefield_extended_confirmation" name="test_realization_hash_rule[10-expected6]" time="0.000" /><testcase classname="tests.test_fmd_widefield_extended_confirmation" name="test_exact_field_bound_matches_preregistered_target" time="0.000" /><testcase classname="tests.test_fmd_widefield_extended_confirmation" name="test_exact_interval_rejects_invalid_counts" time="0.000" /><testcase classname="tests.test_fmd_widefield_profile" name="test_tar_index_is_frozen_member_exact_and_pixel_decode_free" time="0.004" /><testcase classname="tests.test_fmd_widefield_profile" name="test_confirmation_refuses_to_index_without_frozen_profile" time="0.003" /><testcase classname="tests.test_grouped_ridge" name="test_grouped_nested_ridge_predicts_repeated_participant_signal" time="0.176" /><testcase classname="tests.test_grouped_ridge" name="test_participant_permutation_falsifies_strong_signal" time="1.297" /><testcase classname="tests.test_grouped_ridge" name="test_locked_predictions_reject_participant_overlap" time="0.000" /><testcase classname="tests.test_heaton_shg_confirmation" name="test_absolute_endpoint_invalidity_uses_strict_declared_boundary" time="0.000" /><testcase classname="tests.test_heaton_shg_confirmation" name="test_relative_endpoint_invalidity_uses_frozen_denominator_floor" time="0.000" /><testcase classname="tests.test_heaton_shg_confirmation" name="test_nonfinite_or_missing_measurement_is_invalid" time="0.000" /><testcase classname="tests.test_heaton_shg_manifest" name="test_manifest_hash_is_exact" time="0.005" /><testcase classname="tests.test_heaton_shg_transfer" name="test_grid_contains_declared_54_candidates" time="0.001" /><testcase classname="tests.test_heaton_shg_transfer" name="test_one_field_per_mouse_selection_is_order_invariant" time="0.000" /><testcase classname="tests.test_heaton_shg_transfer" name="test_conditions_are_deterministic_and_crop_preserves_spacing_domain" time="0.003" /><testcase classname="tests.test_heaton_shg_transfer" name="test_measurement_emits_all_five_endpoints_and_ordered_policy_scores" time="0.325" /><testcase classname="tests.test_hessian_polarity" name="test_hessian_polarity_separates_bright_and_dark_blobs" time="0.001" /><testcase classname="tests.test_hessian_polarity" name="test_hessian_polarity_rejects_unknown_value" time="0.000" /><testcase classname="tests.test_human_nanoct_scale_response" name="test_physical_scale_axis_permutation" time="0.003" /><testcase classname="tests.test_human_nanoct_transfer" name="test_axis_permutation_contract" time="0.006" /><testcase classname="tests.test_human_nanoct_transfer" name="test_axial_error_ignores_sign" time="0.000" /><testcase classname="tests.test_ibsi_workbook_parser" name="test_workbook_parser_preserves_reference_provenance" time="0.006" /><testcase classname="tests.test_intraop_label_free" name="test_local_orientation_recovers_axial_texture_direction" time="0.002" /><testcase classname="tests.test_intraop_label_free" name="test_production_estimator_is_exactly_equivalent_to_frozen_validation_path" time="0.003" /><testcase classname="tests.test_intraop_label_free" name="test_confirmed_evidence_requires_exact_stack_and_support_contract" time="0.009" /><testcase classname="tests.test_intraop_label_free" name="test_pshg_directory_writes_maps_and_evaluation_only_reference" time="0.042" /><testcase classname="tests.test_intraop_label_free_v1_1" name="test_nonfinite_support_pixels_are_excluded_without_imputation" time="0.001" /><testcase classname="tests.test_intraop_label_free_v1_1" name="test_v1_1_profile_remains_confirmed_with_partial_instrument_support" time="0.005" /><testcase classname="tests.test_intraop_label_free_v1_2" name="test_missing_fi_is_permitted_only_outside_locked_support" time="0.005" /><testcase classname="tests.test_intraop_label_free_v1_2" name="test_missing_fi_inside_locked_support_aborts" time="0.003" /><testcase classname="tests.test_intraop_label_free_v1_3" name="test_profile_qc_ignores_unsupported_rectangular_background" time="0.007" /><testcase classname="tests.test_intraop_label_free_v1_4" name="test_all_release_artifacts_have_unique_registered_paths" time="0.019" /><testcase classname="tests.test_intraop_operator" name="test_new_acquisition_is_not_promoted_by_format_alone" time="0.000" /><testcase classname="tests.test_intraop_operator" name="test_complete_hash_locked_bundle_is_recognized" time="0.003" /><testcase classname="tests.test_intraop_operator" name="test_partial_or_modified_bundle_is_not_verified" time="0.003" /><testcase classname="tests.test_intraop_support_qc" name="test_unsupported_zero_background_does_not_trigger_endpoint_review" time="0.003" /><testcase classname="tests.test_intraop_support_qc" name="test_support_qc_is_invariant_to_values_outside_support" time="0.003" /><testcase classname="tests.test_intraop_support_qc" name="test_constant_supported_signal_abstains" time="0.001" /><testcase classname="tests.test_intrinsic_variogram" name="test_intrinsic_curves_are_invariant_to_quarter_turn" time="0.012" /><testcase classname="tests.test_intrinsic_variogram" name="test_consensus_axis_is_equivariant_to_quarter_turn" time="0.011" /><testcase classname="tests.test_intrinsic_variogram" name="test_isotropic_gaussian_abstains_from_axis" time="0.004" /><testcase classname="tests.test_intrinsic_variogram" name="test_constant_image_abstains_from_ranges_and_axis" time="0.002" /><testcase classname="tests.test_intrinsic_variogram" name="test_physical_spacing_units_are_respected" time="0.010" /><testcase classname="tests.test_local_orientation" name="test_reference_tangent_for_horizontal_centerline" time="0.004" /><testcase classname="tests.test_local_orientation" name="test_local_measurement_recovers_bright_horizontal_line" time="0.004" /><testcase classname="tests.test_local_orientation_external" name="test_group_bootstrap_median_is_bounded_by_data" time="0.002" /><testcase classname="tests.test_lock_curvealign_stage" name="test_finalize_records_parameter_provenance" time="0.005" /><testcase classname="tests.test_lock_curvealign_stage" name="test_finalize_refuses_unregistered_parameter_values" time="0.004" /><testcase classname="tests.test_lock_curvealign_stage" name="test_finalize_applies_and_receipts_vendor_to_preregistered_override" time="0.005" /><testcase classname="tests.test_lock_curvealign_stage" name="test_finalize_marks_exp15_as_confirmation_stage" time="0.004" /><testcase classname="tests.test_locked_analysis" name="test_locked_analysis_only_returns_test_rows" time="0.092" /><testcase classname="tests.test_manuscript_gates" name="test_all_manuscript_gates_can_pass" time="0.000" /><testcase classname="tests.test_manuscript_gates" name="test_primary_failure_blocks_manuscript_quality" time="0.000" /><testcase classname="tests.test_manuscript_qa" name="test_manuscript_qa_passes_a_complete_minimal_fixture" time="0.067" /><testcase classname="tests.test_mask_uncertainty" name="test_physical_mask_erosion_and_dilation_change_cartilage_area" time="0.001" /><testcase classname="tests.test_mask_uncertainty" name="test_zsd_mask_sensitivity_preserves_failed_variants" time="0.104" /><testcase classname="tests.test_measure" name="test_parse_spacing_broadcasts_or_requires_dimensional_match" time="0.000" /><testcase classname="tests.test_measure" name="test_measure_generic_2d_tiff_writes_typed_geometry" time="0.026" /><testcase classname="tests.test_measure" name="test_measure_3d_npy_with_mask_exposes_geometry_and_network" time="0.055" /><testcase classname="tests.test_measure" name="test_load_array_rejects_nonspatial_table" time="0.002" /><testcase classname="tests.test_measure" name="test_measure_series_dense_contract_writes_field_geometry" time="0.093" /><testcase classname="tests.test_measure" name="test_track_series_file_contract_marks_divisions_experimental" time="0.005" /><testcase classname="tests.test_measurement_profile" name="test_measurement_profile_verifies_every_linked_artifact" time="0.007" /><testcase classname="tests.test_measurement_profile" name="test_measurement_profile_fails_closed_after_artifact_tampering" time="0.006" /><testcase classname="tests.test_mechanistic_subscores" name="test_reconstruction_does_not_treat_ambiguous_value_as_zero" time="0.004" /><testcase classname="tests.test_metadata" name="test_metadata_xml_is_canonicalized_and_range_checked" time="0.006" /><testcase classname="tests.test_metadata" name="test_raw_score_csvs_are_inventoried_without_guessing_columns" time="0.004" /><testcase classname="tests.test_microscopy_ui" name="test_workstation_dom_has_unique_ids_and_required_operator_states" time="0.001" /><testcase classname="tests.test_microscopy_ui" name="test_workstation_visible_copy_and_css_pass_static_preflight" time="0.001" /><testcase classname="tests.test_module_perturbations" name="test_module_perturbation_matrix_writes_complete_receipt" time="2.328" /><testcase classname="tests.test_osteochondral_interface" name="test_reference_and_boundary_metrics_are_in_physical_units" time="0.001" /><testcase classname="tests.test_osteochondral_interface" name="test_estimator_recovers_a_smooth_step_interface" time="0.012" /><testcase classname="tests.test_osteochondral_interface" name="test_flat_image_abstains_at_normalization" time="0.001" /><testcase classname="tests.test_paired_acquisition_support" name="test_mrc_reader_handles_extended_header_and_uint16" time="0.001" /><testcase classname="tests.test_paired_acquisition_support" name="test_biosr_index_requires_nine_levels_and_dimension_ratio" time="0.009" /><testcase classname="tests.test_paired_acquisition_support" name="test_biosr_index_supports_er_level_matched_layout" time="0.006" /><testcase classname="tests.test_paired_acquisition_support" name="test_biosr_index_rejects_factor_of_two_reference_calibration_error" time="0.004" /><testcase classname="tests.test_paired_acquisition_support" name="test_partition_is_stable_and_binary" time="0.000" /><testcase classname="tests.test_paired_acquisition_support" name="test_streaming_hessian_matches_frozen_generic_summary" time="0.010" /><testcase classname="tests.test_paired_acquisition_support" name="test_spectral_entropy_agreement_uses_inverse_entropy_as_order" time="0.000" /><testcase classname="tests.test_paired_acquisition_support" name="test_shared_spectral_band_uses_effective_input_physical_nyquist" time="0.000" /><testcase classname="tests.test_paired_acquisition_support" name="test_registration_audit_accepts_small_shift_and_rejects_large_shift" time="0.006" /><testcase classname="tests.test_paired_acquisition_support" name="test_pair_evaluation_keeps_support_separate_from_reference_error" time="0.374" /><testcase classname="tests.test_paired_acquisition_support" name="test_global_orientation_abstains_when_directions_cancel" time="0.346" /><testcase classname="tests.test_paired_acquisition_support" name="test_risk_coverage_and_aurc_reward_valid_first_ordering" time="0.000" /><testcase classname="tests.test_paired_acquisition_support" name="test_threshold_selection_is_cluster_bootstrapped_and_deterministic" time="0.109" /><testcase classname="tests.test_participant_evaluation" name="test_repeated_tiles_are_collapsed_before_metrics" time="0.001" /><testcase classname="tests.test_participant_evaluation" name="test_paired_bootstrap_favors_better_model" time="0.004" /><testcase classname="tests.test_participant_evaluation" name="test_leakage_audit_rejects_overlap" time="0.000" /><testcase classname="tests.test_physical_tensor" name="test_grating_orientation_is_accurate[0.0]" time="0.024" /><testcase classname="tests.test_physical_tensor" name="test_grating_orientation_is_accurate[23.0]" time="0.025" /><testcase classname="tests.test_physical_tensor" name="test_grating_orientation_is_accurate[67.0]" time="0.028" /><testcase classname="tests.test_physical_tensor" name="test_grating_orientation_is_accurate[119.0]" time="0.028" /><testcase classname="tests.test_physical_tensor" name="test_grating_orientation_is_accurate[166.0]" time="0.026" /><testcase classname="tests.test_physical_tensor" name="test_physical_resampling_preserves_orientation_and_coherency" time="0.032" /><testcase classname="tests.test_physical_tensor" name="test_crossing_gratings_have_low_single_axis_resultant" time="0.014" /><testcase classname="tests.test_physical_tensor" name="test_invalid_arguments_fail_closed" time="0.000" /><testcase classname="tests.test_physical_tensor" name="test_axial_circular_transport_handles_wrap_and_fractional_shift" time="0.000" /><testcase classname="tests.test_pipeline" name="test_pipeline_does_not_touch_locked_test_without_explicit_flag" time="0.000" /><testcase classname="tests.test_pipeline" name="test_feature_contract_is_frozen_from_wide_table" time="0.005" /><testcase classname="tests.test_pipeline" name="test_pipeline_config_resolves_environment_and_project_paths" time="0.004" /><testcase classname="tests.test_primary_reporting" name="test_primary_report_writes_versionable_outputs" time="0.391" /><testcase classname="tests.test_profile_domain_guard" name="test_exact_certified_context_is_applicable" time="0.000" /><testcase classname="tests.test_profile_domain_guard" name="test_mismatch_and_missing_context_fail_closed" time="0.000" /><testcase classname="tests.test_profile_domain_guard" name="test_guard_preserves_in_scope_and_abstains_out_of_scope" time="0.000" /><testcase classname="tests.test_pseudo_labels" name="test_cluster_proposal_separates_two_color_regions" time="1.616" /><testcase classname="tests.test_pshg_acquisition_shift" name="test_hash_split_is_deterministic_and_disjoint" time="0.001" /><testcase classname="tests.test_pshg_acquisition_shift" name="test_noise_and_motion_conditions_are_deterministic_and_shape_preserving" time="0.004" /><testcase classname="tests.test_pshg_acquisition_shift" name="test_component_ablation_does_not_inherit_removed_component" time="0.000" /><testcase classname="tests.test_pshg_acquisition_shift_audit" name="test_independent_split_is_order_invariant" time="0.000" /><testcase classname="tests.test_pshg_acquisition_shift_audit" name="test_independent_prediction_interpolates_and_clips" time="0.000" /><testcase classname="tests.test_pshg_acquisition_shift_audit" name="test_independent_aurc_groups_tied_scores" time="0.000" /><testcase classname="tests.test_pshg_external_orientation" name="test_summary_reports_axial_alignment" time="0.000" /><testcase classname="tests.test_publication_bundle" name="test_sha256_is_content_stable" time="0.004" /><testcase classname="tests.test_publication_bundle" name="test_all_manuscript_outcomes_have_labels" time="0.000" /><testcase classname="tests.test_qc" name="test_qc_abstains_on_constant_image" time="0.001" /><testcase classname="tests.test_qc" name="test_qc_focus_score_falls_with_blur" time="0.002" /><testcase classname="tests.test_qc" name="test_qc_flags_high_endpoint_fraction_without_calling_it_invalid" time="0.001" /><testcase classname="tests.test_reader_reliability" name="test_average_measure_icc_is_one_for_identical_raters" time="0.000" /><testcase classname="tests.test_release" name="test_release_is_data_free_sanitized_and_deterministic" time="0.053" /><testcase classname="tests.test_release" name="test_release_cleans_staging_directory_after_copy_failure" time="0.010" /><testcase classname="tests.test_reliability" name="test_icc_is_high_for_consistent_raters" time="0.001" /><testcase classname="tests.test_reliability" name="test_reliability_bootstraps_complete_targets_and_reports_reader_noise" time="0.006" /><testcase classname="tests.test_replication" name="test_replication_receipt_is_machine_verifiable" time="0.010" /><testcase classname="tests.test_reporting_amendment" name="test_reporting_amendment_changes_no_statistic_or_gate" time="0.001" /><testcase classname="tests.test_reporting_amendment" name="test_reporting_amendment_rejects_tampered_source" time="0.000" /><testcase classname="tests.test_response_geometry" name="test_calibration_maps_physical_relative_and_specimen_direction" time="0.000" /><testcase classname="tests.test_response_geometry" name="test_response_geometry_serializes_and_rejects_duplicates" time="0.000" /><testcase classname="tests.test_response_geometry" name="test_response_geometry_tracks_abstention" time="0.000" /><testcase classname="tests.test_response_geometry" name="test_response_surface_rejects_misaligned_pointwise_validity" time="0.000" /><testcase classname="tests.test_response_geometry_benchmark_v2" name="test_v2_dataset_is_balanced_and_split" time="1.252" /><testcase classname="tests.test_response_geometry_benchmark_v2" name="test_stratified_interval_recognizes_identical_predictions" time="0.219" /><testcase classname="tests.test_response_modules" name="test_structure_tensor_recovers_programmed_orientation" time="0.010" /><testcase classname="tests.test_response_modules" name="test_orientation_resultant_rejects_globally_incoherent_local_directions" time="0.018" /><testcase classname="tests.test_response_modules" name="test_hessian_response_is_finite_and_scale_resolved" time="0.044" /><testcase classname="tests.test_response_modules" name="test_3d_hessian_recovers_each_analytic_morphology" time="0.579" /><testcase classname="tests.test_response_modules" name="test_distance_thickness_is_in_physical_units" time="0.051" /><testcase classname="tests.test_response_modules" name="test_network_erosion_curve_tracks_survival" time="0.004" /><testcase classname="tests.test_response_modules" name="test_network_erosion_uses_boundary_not_background_center_distance" time="0.001" /><testcase classname="tests.test_response_modules" name="test_directional_variogram_detects_anisotropy" time="0.002" /><testcase classname="tests.test_review_evaluate" name="test_identical_cartilage_masks_have_perfect_geometry_and_feature_agreement" time="0.014" /><testcase classname="tests.test_review_evaluate" name="test_boundary_shift_is_reported_in_physical_units" time="0.010" /><testcase classname="tests.test_review_packet" name="test_review_packet_excludes_outcomes_and_freezes_hashes" time="0.014" /><testcase classname="tests.test_robustness" name="test_fft_is_stable_to_smooth_illumination_after_detrending" time="0.021" /><testcase classname="tests.test_robustness" name="test_orientation_rotates_but_scalar_spectrum_is_invariant" time="0.023" /><testcase classname="tests.test_robustness" name="test_noise_is_seeded_and_suite_reports_failures_instead_of_dropping_cases" time="0.151" /><testcase classname="tests.test_scale_conditioned_support_v9" name="test_scale_conditioned_support_relaxes_at_larger_supported_scales" time="0.000" /><testcase classname="tests.test_scale_conditioned_support_v9" name="test_v9_replaces_only_coherence_acceptance_score" time="0.000" /><testcase classname="tests.test_scale_conditioned_support_v9" name="test_v9_confirmation_requires_positive_clustered_evidence" time="0.008" /><testcase classname="tests.test_section_features" name="test_section_feature_row_contains_zsd_and_comparators" time="0.031" /><testcase classname="tests.test_segmentation_metrics" name="test_segmentation_scores_are_exact_for_simple_masks" time="0.000" /><testcase classname="tests.test_segmentation_metrics" name="test_boundary_error_is_in_physical_units" time="0.000" /><testcase classname="tests.test_segmentation_prepare" name="test_brightfield_is_resampled_to_common_physical_scale" time="0.004" /><testcase classname="tests.test_segmentation_reporting" name="test_segmentation_summary_is_participant_weighted" time="0.266" /><testcase classname="tests.test_select_annotations" name="test_annotation_selection_never_uses_morphology_test_participants" time="0.026" /><testcase classname="tests.test_selective_fft_confirmation" name="test_wilson_interval_contains_observed_risk" time="0.000" /><testcase classname="tests.test_selective_fft_development" name="test_self_perturbation_score_is_finite_and_auditable" time="0.017" /><testcase classname="tests.test_selective_filament_transfer" name="test_load_square_preserves_binary_mask" time="0.005" /><testcase classname="tests.test_selective_policy_v6" name="test_qc_only_does_not_inherit_orientation_identifiability_abstention" time="0.000" /><testcase classname="tests.test_selective_policy_v6" name="test_qc_only_keeps_its_own_acquisition_abstention" time="0.000" /><testcase classname="tests.test_selective_policy_v6" name="test_family_policy_selects_structure_independent_thresholds" time="0.007" /><testcase classname="tests.test_selective_risk_baseline" name="test_tied_risk_coverage_auc_keeps_complete_score_groups" time="0.001" /><testcase classname="tests.test_selective_risk_baseline" name="test_nearest_tied_selection_never_splits_boundary_tie" time="0.000" /><testcase classname="tests.test_selective_risk_baseline" name="test_feature_schema_is_label_blind_and_fixed_from_development" time="0.000" /><testcase classname="tests.test_selective_risk_baseline" name="test_fixed_learned_comparators_are_deterministic_and_finite" time="0.077" /><testcase classname="tests.test_selective_shg_transfer" name="test_cluster_interval_is_bounded" time="0.009" /><testcase classname="tests.test_severity_benchmark" name="test_severity_metrics_are_perfect_for_separable_predictions" time="0.003" /><testcase classname="tests.test_shg_coordinate_bridge" name="test_robust_affine_bridge_recovers_scale_and_offset" time="0.001" /><testcase classname="tests.test_shg_coordinate_bridge" name="test_log_affine_bridge_recovers_power_law" time="0.001" /><testcase classname="tests.test_shg_coordinate_bridge" name="test_relative_error_uses_declared_floor_and_tolerance" time="0.000" /><testcase classname="tests.test_shg_coordinate_bridge" name="test_leave_one_mouse_out_selection_preserves_grouping" time="0.012" /><testcase classname="tests.test_shg_coordinate_bridge" name="test_collapsed_candidates_return_explicit_no_model" time="0.010" /><testcase classname="tests.test_shg_coordinate_bridge" name="test_stability_invalid_is_relative_to_same_mapped_clean_coordinate" time="0.000" /><testcase classname="tests.test_shg_fiber_adapter" name="test_adapter_is_deterministic_and_scale_calibrated" time="0.124" /><testcase classname="tests.test_shg_fiber_adapter" name="test_adapter_rejects_constant_image" time="0.004" /><testcase classname="tests.test_shg_fiber_adapter" name="test_adapter_validates_physical_parameters" time="0.001" /><testcase classname="tests.test_skeleton_geometry" name="test_straight_segment_recovers_orientation_straightness_and_width" time="0.001" /><testcase classname="tests.test_skeleton_geometry" name="test_curved_arc_is_longer_and_less_straight_than_its_chord" time="0.002" /><testcase classname="tests.test_skeleton_geometry" name="test_y_network_counts_three_arms_and_one_junction_region" time="0.002" /><testcase classname="tests.test_skeleton_geometry" name="test_anisotropic_spacing_changes_physical_length_not_pixel_topology" time="0.001" /><testcase classname="tests.test_skeleton_geometry" name="test_closed_cycle_is_reported_but_not_misrepresented_as_straight_fiber" time="0.001" /><testcase classname="tests.test_spatial_fft" name="test_fft_recovers_stripe_orientation" time="0.011" /><testcase classname="tests.test_spatial_fft" name="test_rotation_changes_angle_but_preserves_scalar_order_features" time="0.021" /><testcase classname="tests.test_spatial_fft" name="test_common_physical_frequency_band_is_sampling_invariant" time="0.012" /><testcase classname="tests.test_spatial_fft" name="test_physical_frequency_band_cannot_exceed_nyquist" time="0.007" /><testcase classname="tests.test_split" name="test_participant_split_is_complete_disjoint_and_reproducible" time="0.000" /><testcase classname="tests.test_stability_weighting" name="test_unstable_coordinate_is_downweighted_without_labels" time="0.000" /><testcase classname="tests.test_stability_weighting" name="test_stability_weighting_validates_pairing" time="0.000" /><testcase classname="tests.test_stability_weighting_development" name="test_development_import_exposes_label_free_fit" time="0.000" /><testcase classname="tests.test_stage_heaton_curvealign" name="test_confirmation_stage_requires_authorizing_lock" time="0.019" /><testcase classname="tests.test_stage_heaton_curvealign" name="test_development_stage_is_content_identical" time="0.244" /><testcase classname="tests.test_synthetic_validation" name="test_phantoms_are_deterministic_and_registered[orientation]" time="0.001" /><testcase classname="tests.test_synthetic_validation" name="test_phantoms_are_deterministic_and_registered[spectral_scale]" time="0.001" /><testcase classname="tests.test_synthetic_validation" name="test_phantoms_are_deterministic_and_registered[blob]" time="0.001" /><testcase classname="tests.test_synthetic_validation" name="test_phantoms_are_deterministic_and_registered[tube]" time="0.001" /><testcase classname="tests.test_synthetic_validation" name="test_phantoms_are_deterministic_and_registered[sheet]" time="0.001" /><testcase classname="tests.test_synthetic_validation" name="test_phantoms_are_deterministic_and_registered[thickness]" time="0.001" /><testcase classname="tests.test_synthetic_validation" name="test_phantoms_are_deterministic_and_registered[roughness]" time="0.002" /><testcase classname="tests.test_synthetic_validation" name="test_phantoms_are_deterministic_and_registered[network]" time="0.001" /><testcase classname="tests.test_synthetic_validation" name="test_phantoms_are_deterministic_and_registered[heterogeneity]" time="0.003" /><testcase classname="tests.test_synthetic_validation" name="test_resampling_updates_spacing_and_preserves_physical_extent" time="0.001" /><testcase classname="tests.test_synthetic_validation" name="test_abstention_and_axial_error_rules" time="0.000" /><testcase classname="tests.test_synthetic_validation" name="test_frozen_validation_writes_audit_receipt" time="0.671" /><testcase classname="tests.test_tensor_contract_audit_v7" name="test_clustered_summary_retains_field_concentration" time="0.010" /><testcase classname="tests.test_tensor_contract_audit_v7" name="test_incremental_comparator_counts_rejected_invalid_cases" time="0.000" /><testcase classname="tests.test_tensor_contract_audit_v7" name="test_clustered_risk_is_none_without_eligible_rows" time="0.000" /><testcase classname="tests.test_tensor_evidence_v7" name="test_family_specific_margin_governs_coherence_only" time="0.000" /><testcase classname="tests.test_tensor_evidence_v7" name="test_family_specific_margin_requires_exact_case_coverage" time="0.000" /><testcase classname="tests.test_tensor_evidence_v7" name="test_tied_score_aurc_rewards_valid_first_ranking" time="0.000" /><testcase classname="tests.test_tensor_evidence_v7" name="test_clustered_coherence_bootstrap_reports_positive_direction" time="0.001" /><testcase classname="tests.test_tensor_support_v7" name="test_identical_pair_is_valid_and_supported" time="0.103" /><testcase classname="tests.test_tensor_support_v7" name="test_crossing_distribution_remains_valid_when_scalar_axis_is_undefined" time="0.055" /><testcase classname="tests.test_tensor_support_v7" name="test_qc_comparator_does_not_inherit_identifiability_hard_gate" time="0.000" /><testcase classname="tests.test_tensor_support_v7" name="test_strong_resolution_margin_governs_coherence_only" time="0.061" /><testcase classname="tests.test_threshold_calibration" name="test_selector_prevents_bad_endpoint_from_being_diluted_by_easy_cases" time="0.004" /><testcase classname="tests.test_threshold_calibration" name="test_selector_fails_when_endpoint_coverage_and_risk_cannot_both_pass" time="0.001" /><testcase classname="tests.test_threshold_calibration" name="test_stratified_cluster_bootstrap_is_seed_reproducible" time="0.005" /><testcase classname="tests.test_threshold_calibration" name="test_complete_calibration_gate_passes_only_with_selected_operating_point" time="0.006" /><testcase classname="tests.test_threshold_calibration" name="test_calibration_rejects_nonheldout_rows" time="0.001" /><testcase classname="tests.test_tlt_pshg_xrd_audit" name="test_audit_tied_selection_uses_complete_larger_group_on_equal_distance" time="0.000" /><testcase classname="tests.test_tlt_pshg_xrd_transfer" name="test_frozen_split_is_specimen_level_and_reproducible" time="0.000" /><testcase classname="tests.test_tlt_pshg_xrd_transfer" name="test_load_region_file_requires_aligned_deposited_arrays" time="0.023" /><testcase classname="tests.test_tlt_pshg_xrd_transfer" name="test_development_iterator_refuses_confirmation_samples" time="0.002" /><testcase classname="tests.test_tlt_pshg_xrd_transfer" name="test_tied_selection_never_splits_equal_scores" time="0.000" /><testcase classname="tests.test_tracking" name="test_source_labels_are_discarded_and_motion_is_calibrated" time="0.001" /><testcase classname="tests.test_tracking" name="test_division_edges_are_explicit" time="0.001" /><testcase classname="tests.test_tracking" name="test_empty_transition_abstains" time="0.000" /><testcase classname="tests.test_universal_geometry" name="test_universal_analyzer_emits_shared_geometry" time="0.092" /><testcase classname="tests.test_universal_geometry" name="test_universal_analyzer_abstains_transparently_without_mask" time="0.075" /><testcase classname="tests.test_universal_geometry" name="test_low_coverage_mask_is_not_silently_measured" time="0.065" /><testcase classname="tests.test_universal_geometry" name="test_spectral_measurements_are_separate_and_unit_safe" time="0.067" /><testcase classname="tests.test_universal_geometry" name="test_measurement_profile_disables_failed_scalar_and_marks_developmental_evidence" time="0.092" /><testcase classname="tests.test_universal_geometry" name="test_incompatible_profile_cannot_confer_evidence_or_disable_measurements" time="0.066" /><testcase classname="tests.test_universal_geometry" name="test_micrometre_and_millimetre_inputs_preserve_values_and_units" time="0.136" /><testcase classname="tests.test_universal_geometry" name="test_validated_v26_spatial_endpoint_emits_only_when_supported" time="0.073" /><testcase classname="tests.test_universal_geometry" name="test_validated_v26_spatial_endpoint_refuses_under_supported_field" time="0.070" /><testcase classname="tests.test_uvpam_abstention" name="test_sampling_is_deterministic" time="0.000" /><testcase classname="tests.test_uvpam_abstention" name="test_pixel_measurement_never_claims_physical_units" time="0.002" /><testcase classname="tests.test_validated_responses" name="test_validated_tensor_rejects_under_sampled_characteristic_scale" time="0.011" /><testcase classname="tests.test_validated_responses" name="test_validated_tensor_accepts_resolved_directional_signal" time="0.013" /><testcase classname="tests.test_validated_responses" name="test_validated_hessian_rejects_unresolved_winning_scale" time="0.319" /><testcase classname="tests.test_validated_responses" name="test_validated_spatial_rejects_constant_field" time="0.002" /><testcase classname="tests.test_validated_responses" name="test_gradient_moment_ratio_tracks_programmed_anisotropy" time="0.003" /><testcase classname="tests.test_validated_responses" name="test_gradient_moment_axis_abstains_for_isotropic_gaussian_blob" time="0.001" /><testcase classname="tests.test_validated_responses" name="test_validated_gradient_moment_accepts_stable_anisotropic_field" time="0.003" /><testcase classname="tests.test_validated_responses" name="test_validated_gradient_moment_rejects_spatially_inconsistent_field" time="0.001" /><testcase classname="tests.test_validated_responses_v2_5" name="test_v25_hessian_rejects_opened_borderline_sampling_pattern" time="0.961" /><testcase classname="tests.test_validated_responses_v2_5" name="test_v25_axis_abstains_for_weak_periodic_anisotropy" time="0.001" /><testcase classname="tests.test_validated_responses_v2_6" name="test_v26_tapered_axis_is_rotation_equivariant" time="0.004" /><testcase classname="tests.test_validated_responses_v2_6" name="test_v26_rejects_field_with_too_few_characteristic_spans" time="0.010" /><testcase classname="tests.test_validated_responses_v2_6" name="test_v26_accepts_stable_large_field" time="0.052" /><testcase classname="tests.test_validity_profile_compiler" name="test_group_folds_never_split_an_independent_group" time="0.000" /><testcase classname="tests.test_validity_profile_compiler" name="test_comparator_does_not_inherit_full_contract_hard_gates" time="0.000" /><testcase classname="tests.test_validity_profile_compiler" name="test_compiler_cross_fits_and_emits_hash_verifiable_profile" time="0.023" /><testcase classname="tests.test_validity_profile_compiler" name="test_confirmation_is_applied_without_refitting_and_beats_qc" time="0.060" /><testcase classname="tests.test_validity_profile_compiler" name="test_confirmation_group_overlap_fails_closed" time="0.025" /><testcase classname="tests.test_validity_profile_compiler" name="test_apply_profile_uses_serialized_map_and_candidate_specific_hard_gate" time="0.025" /><testcase classname="tests.test_validity_profile_compiler" name="test_cross_fitting_adapts_fold_count_for_sparse_endpoint_family" time="0.027" /><testcase classname="tests.test_validity_profile_compiler" name="test_underrepresented_or_unseen_acquisition_strata_fail_closed" time="0.039" /><testcase classname="tests.test_version" name="test_runtime_version_matches_project_metadata" time="0.001" /><testcase classname="tests.test_weak_labels" name="test_safo_red_cartilage_and_blue_bone_are_separated" time="0.002" /><testcase classname="tests.test_weak_labels" name="test_unknown_stain_is_rejected" time="0.000" /><testcase classname="tests.test_wound_healing_collagen_archive" name="test_shg_member_pattern_recovers_independent_animal_key_components" time="0.000" /><testcase classname="tests.test_wound_healing_collagen_archive" name="test_mt_member_pattern_does_not_accept_shg_images" time="0.000" /><testcase classname="tests.test_wound_healing_collagen_archive" name="test_patterns_reject_unsafe_nested_member_names" time="0.000" /><testcase classname="tests.test_wound_healing_collagen_metadata" name="test_metadata_whitelist_accepts_only_declared_roles" time="0.000" /><testcase classname="tests.test_wound_healing_collagen_metadata" name="test_metadata_whitelist_rejects_images_and_unrelated_files" time="0.000" /><testcase classname="tests.test_zsd" name="test_axial_difference_wraps_at_180_degrees" time="0.000" /><testcase classname="tests.test_zsd" name="test_zsd_extraction_respects_segmented_depth" time="0.020" /><testcase classname="tests.test_zsd" name="test_relative_orientation_is_invariant_to_joint_section_rotation" time="0.063" /></testsuite></testsuites>